<?xml version="1.0" encoding="UTF-8"?>
<!-- Generated by org.testng.reporters.JUnitReportReporter -->
<testsuite hostname="DESKTOP-UKM7FNT" failures="0" tests="3" name="com.amazon.amazontest" time="237.110" errors="0" timestamp="2024-07-28T19:55:42 IST" skipped="0">
  <testcase classname="com.amazon.amazontest" name="crossBrowseTest" time="97.853"/>
  <testcase classname="com.amazon.amazontest" name="crossBrowseTest" time="74.332"/>
  <testcase classname="com.amazon.amazontest" name="crossBrowseTest" time="64.925"/>
</testsuite> <!-- com.amazon.amazontest -->
